<?xml version="1.0" encoding="UTF-8"?>
<testsuite name="com.crawler.tests.CrawlerTest" tests="1" skipped="0" failures="0" errors="0" timestamp="2024-08-23T11:20:41" hostname="Dmytros-MacBook-Pro.local" time="0.529">
  <properties/>
  <testcase name="crawlPages()" classname="com.crawler.tests.CrawlerTest" time="0.529"/>
  <system-out><![CDATA[]]></system-out>
  <system-err><![CDATA[SLF4J(W): No SLF4J providers were found.
SLF4J(W): Defaulting to no-operation (NOP) logger implementation
SLF4J(W): See https://www.slf4j.org/codes.html#noProviders for further details.
]]></system-err>
</testsuite>
